{"/Users/reachlinlen/Xendit/ForumMgmt/src/constants.js": {"path":"/Users/reachlinlen/Xendit/ForumMgmt/src/constants.js","statementMap":{"0":{"start":{"line":1,"column":28},"end":{"line":1,"column":29}},"1":{"start":{"line":3,"column":26},"end":{"line":8,"column":1}},"2":{"start":{"line":10,"column":27},"end":{"line":15,"column":1}},"3":{"start":{"line":17,"column":19},"end":{"line":17,"column":42}},"4":{"start":{"line":19,"column":37},"end":{"line":22,"column":1}},"5":{"start":{"line":24,"column":21},"end":{"line":24,"column":28}},"6":{"start":{"line":26,"column":24},"end":{"line":26,"column":34}}},"fnMap":{},"branchMap":{},"s":{"0":1,"1":1,"2":1,"3":1,"4":1,"5":1,"6":1},"f":{},"b":{},"_coverageSchema":"43e27e138ebf9cfc5966b082cf9a028302ed4184","hash":"eea8617ed7ef49adc378cfeb2c4830236ea52966"}
,"/Users/reachlinlen/Xendit/ForumMgmt/src/Store/index.jsx": {"path":"/Users/reachlinlen/Xendit/ForumMgmt/src/Store/index.jsx","statementMap":{"0":{"start":{"line":5,"column":25},"end":{"line":5,"column":79}},"1":{"start":{"line":7,"column":14},"end":{"line":10,"column":1}}},"fnMap":{},"branchMap":{"0":{"loc":{"start":{"line":5,"column":25},"end":{"line":5,"column":79}},"type":"binary-expr","locations":[{"start":{"line":5,"column":25},"end":{"line":5,"column":68}},{"start":{"line":5,"column":72},"end":{"line":5,"column":79}}],"line":5}},"s":{"0":1,"1":1},"f":{},"b":{"0":[1,1]},"_coverageSchema":"43e27e138ebf9cfc5966b082cf9a028302ed4184","hash":"8cbc80e4c4dab587a43225dff9f0fa48eeec4296"}
,"/Users/reachlinlen/Xendit/ForumMgmt/src/Store/reducers/index.js": {"path":"/Users/reachlinlen/Xendit/ForumMgmt/src/Store/reducers/index.js","statementMap":{"0":{"start":{"line":1,"column":16},"end":{"line":9,"column":1}},"1":{"start":{"line":2,"column":2},"end":{"line":8,"column":3}},"2":{"start":{"line":4,"column":6},"end":{"line":4,"column":64}},"3":{"start":{"line":7,"column":6},"end":{"line":7,"column":19}}},"fnMap":{"0":{"name":"(anonymous_0)","decl":{"start":{"line":1,"column":16},"end":{"line":1,"column":17}},"loc":{"start":{"line":1,"column":53},"end":{"line":9,"column":1}},"line":1}},"branchMap":{"0":{"loc":{"start":{"line":1,"column":17},"end":{"line":1,"column":40}},"type":"default-arg","locations":[{"start":{"line":1,"column":25},"end":{"line":1,"column":40}}],"line":1},"1":{"loc":{"start":{"line":2,"column":2},"end":{"line":8,"column":3}},"type":"switch","locations":[{"start":{"line":3,"column":4},"end":{"line":5,"column":5}},{"start":{"line":6,"column":4},"end":{"line":7,"column":19}}],"line":2}},"s":{"0":1,"1":1,"2":0,"3":1},"f":{"0":1},"b":{"0":[1],"1":[0,1]},"_coverageSchema":"43e27e138ebf9cfc5966b082cf9a028302ed4184","hash":"dd77b0ad67e15b40dc250ee9477527f4bfb036eb"}
,"/Users/reachlinlen/Xendit/ForumMgmt/src/api/index.jsx": {"path":"/Users/reachlinlen/Xendit/ForumMgmt/src/api/index.jsx","statementMap":{"0":{"start":{"line":5,"column":16},"end":{"line":13,"column":1}},"1":{"start":{"line":15,"column":25},"end":{"line":18,"column":1}},"2":{"start":{"line":16,"column":15},"end":{"line":16,"column":66}},"3":{"start":{"line":17,"column":2},"end":{"line":17,"column":19}},"4":{"start":{"line":20,"column":31},"end":{"line":23,"column":1}},"5":{"start":{"line":21,"column":15},"end":{"line":21,"column":89}},"6":{"start":{"line":22,"column":2},"end":{"line":22,"column":19}},"7":{"start":{"line":25,"column":31},"end":{"line":28,"column":1}},"8":{"start":{"line":26,"column":15},"end":{"line":26,"column":111}},"9":{"start":{"line":27,"column":2},"end":{"line":27,"column":14}},"10":{"start":{"line":30,"column":28},"end":{"line":34,"column":1}},"11":{"start":{"line":31,"column":16},"end":{"line":31,"column":46}},"12":{"start":{"line":32,"column":15},"end":{"line":32,"column":71}},"13":{"start":{"line":33,"column":2},"end":{"line":33,"column":14}},"14":{"start":{"line":36,"column":26},"end":{"line":40,"column":1}},"15":{"start":{"line":37,"column":16},"end":{"line":37,"column":46}},"16":{"start":{"line":38,"column":15},"end":{"line":38,"column":67}},"17":{"start":{"line":39,"column":2},"end":{"line":39,"column":14}}},"fnMap":{"0":{"name":"(anonymous_0)","decl":{"start":{"line":15,"column":25},"end":{"line":15,"column":26}},"loc":{"start":{"line":15,"column":44},"end":{"line":18,"column":1}},"line":15},"1":{"name":"(anonymous_1)","decl":{"start":{"line":20,"column":31},"end":{"line":20,"column":32}},"loc":{"start":{"line":20,"column":59},"end":{"line":23,"column":1}},"line":20},"2":{"name":"(anonymous_2)","decl":{"start":{"line":25,"column":31},"end":{"line":25,"column":32}},"loc":{"start":{"line":25,"column":69},"end":{"line":28,"column":1}},"line":25},"3":{"name":"(anonymous_3)","decl":{"start":{"line":30,"column":28},"end":{"line":30,"column":29}},"loc":{"start":{"line":30,"column":52},"end":{"line":34,"column":1}},"line":30},"4":{"name":"(anonymous_4)","decl":{"start":{"line":36,"column":26},"end":{"line":36,"column":27}},"loc":{"start":{"line":36,"column":50},"end":{"line":40,"column":1}},"line":36}},"branchMap":{},"s":{"0":1,"1":1,"2":0,"3":0,"4":1,"5":0,"6":0,"7":1,"8":0,"9":0,"10":1,"11":0,"12":0,"13":0,"14":1,"15":0,"16":0,"17":0},"f":{"0":0,"1":0,"2":0,"3":0,"4":0},"b":{},"_coverageSchema":"43e27e138ebf9cfc5966b082cf9a028302ed4184","hash":"736b9af1be59f4dca45c2f7f7d7fcd9d6b3d4b93"}
,"/Users/reachlinlen/Xendit/ForumMgmt/src/components/ManualLogin.jsx": {"path":"/Users/reachlinlen/Xendit/ForumMgmt/src/components/ManualLogin.jsx","statementMap":{"0":{"start":{"line":20,"column":4},"end":{"line":20,"column":15}},"1":{"start":{"line":22,"column":18},"end":{"line":50,"column":3}},"2":{"start":{"line":22,"column":41},"end":{"line":50,"column":1}},"3":{"start":{"line":52,"column":23},"end":{"line":65,"column":1}},"4":{"start":{"line":53,"column":31},"end":{"line":53,"column":36}},"5":{"start":{"line":54,"column":24},"end":{"line":54,"column":39}},"6":{"start":{"line":55,"column":25},"end":{"line":55,"column":62}},"7":{"start":{"line":56,"column":2},"end":{"line":64,"column":4}},"8":{"start":{"line":67,"column":0},"end":{"line":70,"column":2}},"9":{"start":{"line":73,"column":51},"end":{"line":73,"column":56}},"10":{"start":{"line":74,"column":18},"end":{"line":74,"column":29}},"11":{"start":{"line":76,"column":23},"end":{"line":96,"column":3}},"12":{"start":{"line":83,"column":6},"end":{"line":93,"column":7}},"13":{"start":{"line":84,"column":30},"end":{"line":84,"column":68}},"14":{"start":{"line":85,"column":8},"end":{"line":90,"column":9}},"15":{"start":{"line":86,"column":10},"end":{"line":86,"column":35}},"16":{"start":{"line":87,"column":10},"end":{"line":87,"column":31}},"17":{"start":{"line":89,"column":10},"end":{"line":89,"column":40}},"18":{"start":{"line":92,"column":8},"end":{"line":92,"column":40}},"19":{"start":{"line":95,"column":4},"end":{"line":95,"column":17}},"20":{"start":{"line":98,"column":25},"end":{"line":108,"column":3}},"21":{"start":{"line":99,"column":4},"end":{"line":99,"column":23}},"22":{"start":{"line":101,"column":19},"end":{"line":101,"column":97}},"23":{"start":{"line":102,"column":6},"end":{"line":102,"column":26}},"24":{"start":{"line":103,"column":6},"end":{"line":105,"column":7}},"25":{"start":{"line":104,"column":8},"end":{"line":104,"column":33}},"26":{"start":{"line":107,"column":4},"end":{"line":107,"column":14}},"27":{"start":{"line":110,"column":2},"end":{"line":164,"column":4}},"28":{"start":{"line":129,"column":8},"end":{"line":129,"column":45}},"29":{"start":{"line":167,"column":0},"end":{"line":170,"column":2}},"30":{"start":{"line":172,"column":27},"end":{"line":176,"column":1}},"31":{"start":{"line":173,"column":2},"end":{"line":175,"column":4}},"32":{"start":{"line":174,"column":34},"end":{"line":174,"column":85}}},"fnMap":{"0":{"name":"(anonymous_0)","decl":{"start":{"line":22,"column":29},"end":{"line":22,"column":30}},"loc":{"start":{"line":22,"column":41},"end":{"line":50,"column":1}},"line":22},"1":{"name":"(anonymous_1)","decl":{"start":{"line":52,"column":23},"end":{"line":52,"column":24}},"loc":{"start":{"line":52,"column":41},"end":{"line":65,"column":1}},"line":52},"2":{"name":"ManualLogin","decl":{"start":{"line":72,"column":9},"end":{"line":72,"column":20}},"loc":{"start":{"line":72,"column":28},"end":{"line":165,"column":1}},"line":72},"3":{"name":"(anonymous_3)","decl":{"start":{"line":76,"column":23},"end":{"line":76,"column":24}},"loc":{"start":{"line":76,"column":47},"end":{"line":96,"column":3}},"line":76},"4":{"name":"checkLogin","decl":{"start":{"line":82,"column":19},"end":{"line":82,"column":29}},"loc":{"start":{"line":82,"column":32},"end":{"line":94,"column":5}},"line":82},"5":{"name":"(anonymous_5)","decl":{"start":{"line":98,"column":25},"end":{"line":98,"column":26}},"loc":{"start":{"line":98,"column":32},"end":{"line":108,"column":3}},"line":98},"6":{"name":"newUser","decl":{"start":{"line":100,"column":19},"end":{"line":100,"column":26}},"loc":{"start":{"line":100,"column":29},"end":{"line":106,"column":5}},"line":100},"7":{"name":"(anonymous_7)","decl":{"start":{"line":128,"column":16},"end":{"line":128,"column":17}},"loc":{"start":{"line":128,"column":23},"end":{"line":130,"column":7}},"line":128},"8":{"name":"(anonymous_8)","decl":{"start":{"line":172,"column":27},"end":{"line":172,"column":28}},"loc":{"start":{"line":172,"column":41},"end":{"line":176,"column":1}},"line":172},"9":{"name":"(anonymous_9)","decl":{"start":{"line":174,"column":24},"end":{"line":174,"column":25}},"loc":{"start":{"line":174,"column":34},"end":{"line":174,"column":85}},"line":174}},"branchMap":{"0":{"loc":{"start":{"line":62,"column":13},"end":{"line":62,"column":39}},"type":"binary-expr","locations":[{"start":{"line":62,"column":13},"end":{"line":62,"column":23}},{"start":{"line":62,"column":27},"end":{"line":62,"column":39}}],"line":62},"1":{"loc":{"start":{"line":85,"column":8},"end":{"line":90,"column":9}},"type":"if","locations":[{"start":{"line":85,"column":8},"end":{"line":90,"column":9}},{"start":{"line":85,"column":8},"end":{"line":90,"column":9}}],"line":85},"2":{"loc":{"start":{"line":85,"column":12},"end":{"line":85,"column":89}},"type":"binary-expr","locations":[{"start":{"line":85,"column":12},"end":{"line":85,"column":52}},{"start":{"line":85,"column":56},"end":{"line":85,"column":89}}],"line":85},"3":{"loc":{"start":{"line":103,"column":6},"end":{"line":105,"column":7}},"type":"if","locations":[{"start":{"line":103,"column":6},"end":{"line":105,"column":7}},{"start":{"line":103,"column":6},"end":{"line":105,"column":7}}],"line":103},"4":{"loc":{"start":{"line":103,"column":10},"end":{"line":103,"column":78}},"type":"binary-expr","locations":[{"start":{"line":103,"column":10},"end":{"line":103,"column":41}},{"start":{"line":103,"column":45},"end":{"line":103,"column":78}}],"line":103}},"s":{"0":1,"1":1,"2":1,"3":1,"4":12,"5":12,"6":12,"7":12,"8":1,"9":1,"10":1,"11":1,"12":0,"13":0,"14":0,"15":0,"16":0,"17":0,"18":0,"19":0,"20":1,"21":0,"22":0,"23":0,"24":0,"25":0,"26":0,"27":1,"28":0,"29":1,"30":1,"31":1,"32":0},"f":{"0":1,"1":12,"2":1,"3":0,"4":0,"5":0,"6":0,"7":0,"8":1,"9":0},"b":{"0":[12,1],"1":[0,0],"2":[0,0],"3":[0,0],"4":[0,0]},"_coverageSchema":"43e27e138ebf9cfc5966b082cf9a028302ed4184","hash":"68531543b66e9e158008476ea010576fe3357256"}
,"/Users/reachlinlen/Xendit/ForumMgmt/src/unittest/customRendererWithStore.jsx": {"path":"/Users/reachlinlen/Xendit/ForumMgmt/src/unittest/customRendererWithStore.jsx","statementMap":{"0":{"start":{"line":8,"column":21},"end":{"line":17,"column":1}},"1":{"start":{"line":9,"column":2},"end":{"line":16,"column":3}}},"fnMap":{"0":{"name":"(anonymous_0)","decl":{"start":{"line":8,"column":21},"end":{"line":8,"column":22}},"loc":{"start":{"line":9,"column":2},"end":{"line":16,"column":3}},"line":9}},"branchMap":{},"s":{"0":1,"1":1},"f":{"0":1},"b":{},"_coverageSchema":"43e27e138ebf9cfc5966b082cf9a028302ed4184","hash":"ae35e5c5bd1cc6a927f44e114077e21b5d3f4124"}
}
