TN:
SF:/Users/reachlinlen/Xendit/ForumMgmt/src/constants.js
FNF:0
FNH:0
DA:1,1
DA:3,1
DA:10,1
DA:17,1
DA:19,1
DA:24,1
DA:26,1
LF:7
LH:7
BRF:0
BRH:0
end_of_record
TN:
SF:/Users/reachlinlen/Xendit/ForumMgmt/src/Store/index.jsx
FNF:0
FNH:0
DA:5,1
DA:7,1
LF:2
LH:2
BRDA:5,0,0,1
BRDA:5,0,1,1
BRF:2
BRH:2
end_of_record
TN:
SF:/Users/reachlinlen/Xendit/ForumMgmt/src/Store/reducers/index.js
FN:1,(anonymous_0)
FNF:1
FNH:1
FNDA:1,(anonymous_0)
DA:1,1
DA:2,1
DA:4,0
DA:7,1
LF:4
LH:3
BRDA:1,0,0,1
BRDA:2,1,0,0
BRDA:2,1,1,1
BRF:3
BRH:2
end_of_record
TN:
SF:/Users/reachlinlen/Xendit/ForumMgmt/src/api/index.jsx
FN:15,(anonymous_0)
FN:20,(anonymous_1)
FN:25,(anonymous_2)
FN:30,(anonymous_3)
FN:36,(anonymous_4)
FNF:5
FNH:0
FNDA:0,(anonymous_0)
FNDA:0,(anonymous_1)
FNDA:0,(anonymous_2)
FNDA:0,(anonymous_3)
FNDA:0,(anonymous_4)
DA:5,1
DA:15,1
DA:16,0
DA:17,0
DA:20,1
DA:21,0
DA:22,0
DA:25,1
DA:26,0
DA:27,0
DA:30,1
DA:31,0
DA:32,0
DA:33,0
DA:36,1
DA:37,0
DA:38,0
DA:39,0
LF:18
LH:6
BRF:0
BRH:0
end_of_record
TN:
SF:/Users/reachlinlen/Xendit/ForumMgmt/src/components/ManualLogin.jsx
FN:22,(anonymous_0)
FN:52,(anonymous_1)
FN:72,ManualLogin
FN:76,(anonymous_3)
FN:82,checkLogin
FN:98,(anonymous_5)
FN:100,newUser
FN:128,(anonymous_7)
FN:172,(anonymous_8)
FN:174,(anonymous_9)
FNF:10
FNH:4
FNDA:1,(anonymous_0)
FNDA:12,(anonymous_1)
FNDA:1,ManualLogin
FNDA:0,(anonymous_3)
FNDA:0,checkLogin
FNDA:0,(anonymous_5)
FNDA:0,newUser
FNDA:0,(anonymous_7)
FNDA:1,(anonymous_8)
FNDA:0,(anonymous_9)
DA:20,1
DA:22,1
DA:52,1
DA:53,12
DA:54,12
DA:55,12
DA:56,12
DA:67,1
DA:73,1
DA:74,1
DA:76,1
DA:83,0
DA:84,0
DA:85,0
DA:86,0
DA:87,0
DA:89,0
DA:92,0
DA:95,0
DA:98,1
DA:99,0
DA:101,0
DA:102,0
DA:103,0
DA:104,0
DA:107,0
DA:110,1
DA:129,0
DA:167,1
DA:172,1
DA:173,1
DA:174,0
LF:32
LH:16
BRDA:62,0,0,12
BRDA:62,0,1,1
BRDA:85,1,0,0
BRDA:85,1,1,0
BRDA:85,2,0,0
BRDA:85,2,1,0
BRDA:103,3,0,0
BRDA:103,3,1,0
BRDA:103,4,0,0
BRDA:103,4,1,0
BRF:10
BRH:2
end_of_record
TN:
SF:/Users/reachlinlen/Xendit/ForumMgmt/src/unittest/customRendererWithStore.jsx
FN:8,(anonymous_0)
FNF:1
FNH:1
FNDA:1,(anonymous_0)
DA:8,1
DA:9,1
LF:2
LH:2
BRF:0
BRH:0
end_of_record
